1659799707278	geckodriver	INFO	Listening on 127.0.0.1:52920
1659799710356	mozrunner::runner	INFO	Running command: "C:\\Program Files\\Mozilla Firefox\\firefox.exe" "--marionette" "--remote-debugging-port" "52921" "--remote-allow-hosts" "localhost" "-no-remote" "-profile" "C:\\Users\\Vigne\\AppData\\Local\\Temp\\rust_mozprofileH98PMQ"
1659799710892	Marionette	INFO	Marionette enabled
1659799710899	Marionette	INFO	Listening on port 52932
WebDriver BiDi listening on ws://localhost:52921
Read port: 52932
1659799711158	RemoteAgent	WARN	TLS certificate errors will be ignored for this session
console.warn: SearchSettings: "get: No settings file exists, new profile?" (new NotFoundError("Could not open the file at C:\\Users\\Vigne\\AppData\\Local\\Temp\\rust_mozprofileH98PMQ\\search.json.mozlz4", (void 0)))
DevTools listening on ws://localhost:52921/devtools/browser/2be17c24-2b2c-49d6-88ac-e9a60ebe7433
1659799775628	Marionette	INFO	Stopped listening on port 52932
console.warn: TopSitesFeed: Failed to fetch data from Contile server: NetworkError when attempting to fetch resource.
remote-debugging-port" "52993" "--remote-allow-hosts" "localhost" "-no-remote" "-profile" "C:\\Users\\Vigne\\AppData\\Local\\Temp\\rust_mozprofilegCKRHM"
1659799746833	Marionette	INFO	Marionette enabled
1659799746845	Marionette	INFO	Listening on port 53012
WebDriver BiDi listening on ws://localhost:52993
Read port: 53012
1659799747218	RemoteAgent	WARN	TLS certificate errors will be ignored for this session
console.warn: SearchSettings: "get: No settings file exists, new profile?" (new NotFoundError("Could not open the file at C:\\Users\\Vigne\\AppData\\Local\\Temp\\rust_mozprofilegCKRHM\\search.json.mozlz4", (void 0)))
DevTools listening on ws://localhost:52993/devtools/browser/be570586-4f4a-4f01-bcec-15be89908a35
1659799775683	Marionette	INFO	Stopped listening on port 53012
console.warn: TopSitesFeed: Failed to fetch data from Contile server: NetworkError when attempting to fetch resource.
[Parent 10936, IPC I/O Parent] WARNING: file /builds/worker/checkouts/gecko/ipc/chromium/src/base/process_util_win.cc:167
1659799804989	geckodriver	INFO	Listening on 127.0.0.1:53090
1659799808063	mozrunner::runner	INFO	Running command: "C:\\Program Files\\Mozilla Firefox\\firefox.exe" "--marionette" "--remote-debugging-port" "53091" "--remote-allow-hosts" "localhost" "-no-remote" "-profile" "C:\\Users\\Vigne\\AppData\\Local\\Temp\\rust_mozprofileLgJGyl"
1659799808738	Marionette	INFO	Marionette enabled
1659799808751	Marionette	INFO	Listening on port 53102
WebDriver BiDi listening on ws://localhost:53091
Read port: 53102
1659799809090	RemoteAgent	WARN	TLS certificate errors will be ignored for this session
JavaScript error: resource://gre/modules/URIFixup.jsm, line 278: NS_ERROR_FAILURE: Should pass a non-null uri
console.warn: SearchSettings: "get: No settings file exists, new profile?" (new NotFoundError("Could not open the file at C:\\Users\\Vigne\\AppData\\Local\\Temp\\rust_mozprofileLgJGyl\\search.json.mozlz4", (void 0)))
DevTools listening on ws://localhost:53091/devtools/browser/2291e5db-daf7-4843-8bfe-3e6639fb5f68
console.error: Region.jsm: "Error fetching region" (new Error("TIMEOUT", "resource://gre/modules/Region.jsm", 769))
console.error: Region.jsm: "Failed to fetch region" (new Error("TIMEOUT", "resource://gre/modules/Region.jsm", 421))
1659799816384	Marionette	INFO	Stopped listening on port 53102
console.warn: TopSitesFeed: Failed to fetch data from Contile server: NetworkError when attempting to fetch resource.
1659800751982	geckodriver	INFO	Listening on 127.0.0.1:53930
1659800755068	mozrunner::runner	INFO	Running command: "C:\\Program Files\\Mozilla Firefox\\firefox.exe" "--marionette" "--remote-debugging-port" "53931" "--remote-allow-hosts" "localhost" "-no-remote" "-profile" "C:\\Users\\Vigne\\AppData\\Local\\Temp\\rust_mozprofile4RhxVs"
1659800755603	Marionette	INFO	Marionette enabled
1659800755612	Marionette	INFO	Listening on port 53942
WebDriver BiDi listening on ws://localhost:53931
Read port: 53942
1659800755970	RemoteAgent	WARN	TLS certificate errors will be ignored for this session
console.warn: SearchSettings: "get: No settings file exists, new profile?" (new NotFoundError("Could not open the file at C:\\Users\\Vigne\\AppData\\Local\\Temp\\rust_mozprofile4RhxVs\\search.json.mozlz4", (void 0)))
DevTools listening on ws://localhost:53931/devtools/browser/31a88232-6c5a-4734-808b-3475bacb6f06
